{
  "RSpec": {
    "coverage": {
      "/home/bustling-modem-8514/tic-tac-toe-rb-ruby-apply-000/lib/tic_tac_toe.rb": [
        1,
        24,
        null,
        null,
        null,
        null,
        1,
        null,
        null,
        null,
        null,
        null,
        null,
        null,
        null,
        null,
        null,
        1,
        67,
        67,
        null,
        2085,
        21,
        null,
        null,
        67,
        null,
        null,
        null,
        null,
        1,
        269,
        null,
        null,
        1,
        19,
        7,
        12,
        0,
        12,
        12,
        null,
        null,
        null,
        1,
        21,
        10,
        null,
        11,
        null,
        null,
        null,
        1,
        3,
        2,
        null,
        null,
        null,
        1,
        23,
        23,
        23,
        23,
        23,
        null,
        null,
        1,
        22,
        null,
        null,
        1,
        19,
        null,
        null,
        1,
        22,
        null,
        null,
        1,
        19,
        19,
        19,
        19,
        18,
        18,
        null,
        null,
        null,
        null,
        1,
        21,
        21,
        189,
        31,
        null,
        null,
        21,
        null,
        null,
        1,
        20,
        14,
        null,
        6,
        null,
        null,
        null,
        null,
        1,
        12,
        17,
        null,
        12,
        2,
        0,
        2,
        2,
        null,
        null,
        null
      ]
    },
    "timestamp": 1603131432
  }
}
