{
  "RSpec": {
    "coverage": {
      "/home/bustling-modem-8514/tic-tac-toe-rb-ruby-apply-000/lib/tic_tac_toe.rb": [
        1,
        13,
        null,
        null,
        null,
        null,
        1,
        null,
        null,
        null,
        null,
        null,
        null,
        null,
        null,
        null,
        null,
        1,
        55,
        55,
        null,
        1595,
        19,
        null,
        null,
        55,
        null,
        null,
        null,
        null,
        1,
        96,
        null,
        null,
        1,
        11,
        4,
        7,
        0,
        7,
        7,
        null,
        null,
        null,
        1,
        14,
        8,
        null,
        6,
        null,
        null,
        null,
        1,
        5,
        5,
        null,
        null,
        null,
        1,
        13,
        13,
        13,
        13,
        13,
        null,
        null,
        1,
        13,
        null,
        null,
        1,
        13,
        null,
        null,
        1,
        13,
        null,
        null,
        1,
        13,
        13,
        13,
        13,
        13,
        13,
        null,
        null,
        null,
        1,
        0,
        0,
        0,
        0,
        null,
        null,
        0,
        null,
        null,
        null,
        null,
        1,
        0,
        0,
        null,
        0,
        null,
        null,
        null,
        null,
        1,
        12,
        13,
        null,
        12,
        6,
        6,
        3,
        null,
        null,
        null
      ]
    },
    "timestamp": 1603127385
  }
}
